<?xml version="1.0" encoding="UTF-8"?>
<!-- Generated by org.testng.reporters.JUnitXMLReporter -->
<testsuite hostname="LuckyPC" ignored="0" name="Test" tests="3" failures="0" timestamp="2020-09-29T20:53:46 IST" time="45.431" errors="0">
  <testcase name="LoginTest" time="5.503" classname="com.parabank.testcases.HomePageTest"/>
  <testcase name="loginTest" time="2.654" classname="com.parabank.testcases.HomePageTest"/>
  <testcase name="getHomePageTitleTest" time="0.008" classname="com.parabank.testcases.HomePageTest"/>
</testsuite> <!-- Test -->
