<?xml version="1.0" encoding="UTF-8"?>
<!-- Generated by org.testng.reporters.JUnitXMLReporter -->
<testsuite hostname="LuckyPC" ignored="0" name="Test" tests="6" failures="2" timestamp="2020-09-30T00:01:57 IST" time="137.479" errors="0">
  <testcase name="ClickOnAboutUsLinkTest" time="1.726" classname="com.parabank.testcases.HomePageTest"/>
  <testcase name="HomePageLogoTest" time="0.033" classname="com.parabank.testcases.HomePageTest"/>
  <testcase name="HomePageTitleTest" time="0.004" classname="com.parabank.testcases.HomePageTest"/>
  <testcase name="LoginTestWithLoginMessage" time="4.685" classname="com.parabank.testcases.HomePageTest">
    <failure type="java.lang.AssertionError" message="LoginPage login message mismatch expected [Accounts Overview] but found [Error!]">
      <![CDATA[java.lang.AssertionError: LoginPage login message mismatch expected [Accounts Overview] but found [Error!]
at com.parabank.testcases.HomePageTest.LoginTestWithLoginMessage(HomePageTest.java:39)
at java.util.ArrayList.forEach(ArrayList.java:1249)
... Removed 31 stack frames]]>
    </failure>
  </testcase> <!-- LoginTestWithLoginMessage -->
  <testcase name="LoginTestWithLoginPageTitle" time="0.91" classname="com.parabank.testcases.HomePageTest">
    <failure type="java.lang.AssertionError" message="LoginPage title mismatch expected [ParaBank | Accounts Overview] but found [ParaBank | Error]">
      <![CDATA[java.lang.AssertionError: LoginPage title mismatch expected [ParaBank | Accounts Overview] but found [ParaBank | Error]
at com.parabank.testcases.HomePageTest.LoginTestWithLoginPageTitle(HomePageTest.java:45)
at java.util.ArrayList.forEach(ArrayList.java:1249)
... Removed 31 stack frames]]>
    </failure>
  </testcase> <!-- LoginTestWithLoginPageTitle -->
  <testcase name="LogoCaptionTest" time="0.013" classname="com.parabank.testcases.HomePageTest"/>
</testsuite> <!-- Test -->
